[17:44:35] [main/INFO]: Loading for game Minecraft 1.16.4
[17:44:35] [main/INFO]: [FabricLoader] Loading 42 mods: fabric-screen-handler-api-v1@1.1.0+6a2618f53a, minecraft@1.16.4, fabric-renderer-api-v1@0.3.3+6a2618f53a, fabric-networking-blockentity-v0@0.2.5+6a2618f53a, fabric-keybindings-v0@0.2.0+6a2618f53a, fabric-command-api-v1@1.0.9+6a2618f53a, fabricloader@0.10.8, fabric-tool-attribute-api-v1@1.2.5+6a2618f53a, fabric-renderer-indigo@0.4.3+6a2618f53a, fabric-structure-api-v1@1.1.1+f1d8af063a, fabric-containers-v0@0.1.8+6a2618f53a, fabric-object-builder-api-v1@1.9.2+6a2618f53a, fabric-dimensions-v1@2.0.1+9a6c75813a, fabric-crash-report-info-v1@0.1.2+b7f9825d3a, fabric-events-interaction-v0@0.4.1+6a2618f53a, fabric-item-api-v1@1.2.0+6a2618f53a, fabric-game-rule-api-v1@1.0.3+a4467d2a3a, fabric-api-base@0.2.0+ab87788d3a, fabric-rendering-v0@1.1.1+6a2618f53a, fabric-rendering-v1@1.4.0+6a2618f53a, fabric-key-binding-api-v1@1.0.1+730711c63a, fabric-rendering-data-attachment-v1@0.1.4+6a2618f53a, fabric-resource-loader-v0@0.3.2+1944f3e03a, fabric-textures-v0@1.0.5+6a2618f53a, fabric-content-registries-v0@0.2.0+e77439c73a, fabric-tag-extensions-v0@1.1.0+e77439c73a, fabric-biome-api-v1@3.1.0+2e23b97c3a, fabric-rendering-fluids-v1@0.1.12+6a2618f53a, fabric-commands-v0@0.2.0+6a2618f53a, fabric-registry-sync-v0@0.7.1+285766753a, fabric-blockrenderlayer-v1@1.1.4+6a2618f53a, fabric-lifecycle-events-v1@1.2.0+6a2618f53a, fabric-mining-levels-v0@0.1.2+6a2618f53a, fabric-renderer-registries-v1@2.2.0+6a2618f53a, fabric-loot-tables-v1@1.0.1+6a2618f53a, fabric-events-lifecycle-v0@0.2.0+6a2618f53a, fabric@0.27.1+1.16, fabric-particles-v1@0.2.2+6a2618f53a, fabric-models-v0@0.1.1+6a2618f53a, fabric-item-groups-v0@0.2.1+6a2618f53a, fabric-object-builders-v0@0.7.1+6a2618f53a, fabric-networking-v0@0.1.10+6a2618f53a
[17:44:35] [main/INFO]: SpongePowered MIXIN Subsystem Version=0.8.2 Source=file:/S:/Programming/Python/MC/Server%20Hoster/server/fabric-server-launch.jar Service=Knot/Fabric Env=SERVER
[17:44:42] [main/INFO]: Environment: authHost='https://authserver.mojang.com', accountsHost='https://api.mojang.com', sessionHost='https://sessionserver.mojang.com', servicesHost='https://api.minecraftservices.com', name='PROD'
[17:44:43] [main/WARN]: Ambiguity between arguments [teleport, destination] and [teleport, targets] with inputs: [Player, 0123, @e, dd12be42-52a9-4a91-a8a1-11c01849e498]
[17:44:43] [main/WARN]: Ambiguity between arguments [teleport, location] and [teleport, destination] with inputs: [0.1 -0.5 .9, 0 0 0]
[17:44:43] [main/WARN]: Ambiguity between arguments [teleport, location] and [teleport, targets] with inputs: [0.1 -0.5 .9, 0 0 0]
[17:44:43] [main/WARN]: Ambiguity between arguments [teleport, targets] and [teleport, destination] with inputs: [Player, 0123, dd12be42-52a9-4a91-a8a1-11c01849e498]
[17:44:43] [main/WARN]: Ambiguity between arguments [teleport, targets, location] and [teleport, targets, destination] with inputs: [0.1 -0.5 .9, 0 0 0]
[17:44:43] [main/INFO]: Reloading ResourceManager: Default, Fabric Tool Attribute API (v1)
[17:44:45] [Worker-Main-6/INFO]: Loaded 7 recipes
[17:44:45] [Worker-Main-6/INFO]: Loaded 927 advancements
[17:44:46] [main/INFO]: Applied 0 biome modifications to 0 of 79 new biomes in 1.335 ms
[17:44:46] [Server thread/INFO]: Starting minecraft server version 1.16.4
[17:44:46] [Server thread/INFO]: Loading properties
[17:44:46] [Server thread/INFO]: Default game type: SURVIVAL
[17:44:46] [Server thread/INFO]: Generating keypair
[17:44:46] [Server thread/INFO]: Starting Minecraft server on *:25565
[17:44:46] [Server thread/INFO]: Using default channel type
[17:44:47] [Server thread/INFO]: Preparing level "world"
[17:44:47] [Server thread/INFO]: Preparing start region for dimension minecraft:overworld
[17:44:48] [Server thread/INFO]: Preparing spawn area: 0%
[17:44:48] [Server thread/INFO]: Preparing spawn area: 0%
[17:44:48] [Server thread/INFO]: Preparing spawn area: 0%
[17:44:51] [Worker-Main-8/INFO]: Preparing spawn area: 83%
[17:44:51] [Worker-Main-7/INFO]: Preparing spawn area: 83%
[17:44:51] [Worker-Main-7/INFO]: Preparing spawn area: 83%
[17:44:51] [Worker-Main-7/INFO]: Preparing spawn area: 83%
[17:44:51] [Worker-Main-7/INFO]: Preparing spawn area: 83%
[17:44:51] [Worker-Main-7/INFO]: Preparing spawn area: 91%
[17:44:52] [Worker-Main-6/INFO]: Preparing spawn area: 91%
[17:44:52] [Worker-Main-8/INFO]: Preparing spawn area: 91%
[17:44:53] [Worker-Main-9/INFO]: Preparing spawn area: 93%
[17:44:53] [Server thread/INFO]: Time elapsed: 6246 ms
[17:44:53] [Server thread/INFO]: Done (6.354s)! For help, type "help"
[17:44:59] [User Authenticator #1/INFO]: UUID of player DuncanDoesNotRun is 98b58860-b8b1-4749-908b-39cb113ae885
[17:44:59] [Server thread/INFO]: DuncanDoesNotRun[/127.0.0.1:62454] logged in with entity id 181 at (-42.39667892652685, 67.0, 5.981002082789779)
[17:44:59] [Server thread/INFO]: DuncanDoesNotRun joined the game
[17:45:01] [Server thread/INFO]: <DuncanDoesNotRun> alsinfaoisnf
[17:45:03] [Server thread/INFO]: <DuncanDoesNotRun> !clear
[17:46:36] [Server thread/INFO]: <DuncanDoesNotRun> !seed
[17:48:59] [Server thread/INFO]: DuncanDoesNotRun lost connection: Disconnected
[17:48:59] [Server thread/INFO]: DuncanDoesNotRun left the game
